Arguments: 
  C:\ProgramData\AppV\C17E7762-CB52-4732-A65B-992FEC365A1B\33CACC03-2FAA-4A32-8A28-922A6CF5E7AD\Root\node.exe C:\Users\gkoumpa\AppData\Roaming\npm\node_modules\yarn\bin\yarn.js add bootstrap/dist/css/bootstrap.css

PATH: 
  C:\Users\gkoumpa\AppData\Roaming\npm;C:\Users\gkoumpa\AppData\Local\Microsoft\AppV\Client\Integration\C17E7762-CB52-4732-A65B-992FEC365A1B\Root\;C:\windows\system32;C:\windows;C:\windows\System32\Wbem;C:\windows\System32\WindowsPowerShell\v1.0\;C:\Program Files\Git\cmd;C:\Program Files (x86)\Microsoft SQL Server\Client SDK\ODBC\130\Tools\Binn\;C:\Program Files (x86)\Microsoft SQL Server\140\Tools\Binn\;C:\Program Files (x86)\Microsoft SQL Server\140\DTS\Binn\;C:\Program Files (x86)\Microsoft SQL Server\140\Tools\Binn\ManagementStudio\;C:\Users\gkoumpa\AppData\Local\Microsoft\WindowsApps;;C:\ProgramData\AppV\C17E7762-CB52-4732-A65B-992FEC365A1B\33CACC03-2FAA-4A32-8A28-922A6CF5E7AD\root\

Yarn version: 
  1.16.0

Node version: 
  8.11.4

Platform: 
  win32 x64

Trace: 
  Error: https://registry.yarnpkg.com/bootstrap%2fdist/css/bootstrap.css: Request "https://registry.yarnpkg.com/bootstrap%2fdist/css/bootstrap.css" returned a 405
      at Request.params.callback [as _callback] (C:\Users\gkoumpa\AppData\Roaming\npm\node_modules\yarn\lib\cli.js:66100:18)
      at Request.self.callback (C:\Users\gkoumpa\AppData\Roaming\npm\node_modules\yarn\lib\cli.js:129590:22)
      at emitTwo (events.js:126:13)
      at Request.emit (events.js:214:7)
      at Request.<anonymous> (C:\Users\gkoumpa\AppData\Roaming\npm\node_modules\yarn\lib\cli.js:130562:10)
      at emitOne (events.js:116:13)
      at Request.emit (events.js:211:7)
      at IncomingMessage.<anonymous> (C:\Users\gkoumpa\AppData\Roaming\npm\node_modules\yarn\lib\cli.js:130484:12)
      at Object.onceWrapper (events.js:313:30)
      at emitNone (events.js:111:20)

npm manifest: 
  No manifest

yarn manifest: 
  No manifest

Lockfile: 
  No lockfile
